<?xml version="1.0" encoding="UTF-8"?>
<!-- Generated by org.testng.reporters.JUnitReportReporter -->
<testsuite skipped="0" hostname="Rupom-Rups" name="Streams.StreamExample" tests="7" failures="0" timestamp="26 Sep 2020 07:29:04 GMT" time="0.149" errors="0">
  <testcase name="streamCollect" time="0.012" classname="Streams.StreamExample"/>
  <testcase name="uniqueNumberInArray" time="0.003" classname="Streams.StreamExample"/>
  <testcase name="regular" time="0.003" classname="Streams.StreamExample"/>
  <testcase name="streamMap" time="0.002" classname="Streams.StreamExample"/>
  <testcase name="mergingList" time="0.107" classname="Streams.StreamExample"/>
  <testcase name="streamFilter" time="0.008" classname="Streams.StreamExample"/>
  <testcase name="sorted" time="0.014" classname="Streams.StreamExample"/>
</testsuite> <!-- Streams.StreamExample -->
