<?xml version="1.0" encoding="UTF-8"?>
<!-- Generated by org.testng.reporters.JUnitReportReporter -->
<testsuite skipped="0" hostname="Rupom-Rups" name="SeleniumProgramPractice.LoginApplication" tests="1" failures="0" timestamp="14 Aug 2020 13:25:50 GMT" time="40.532" errors="0">
  <testcase name="Login" time="40.532" classname="SeleniumProgramPractice.LoginApplication"/>
</testsuite> <!-- SeleniumProgramPractice.LoginApplication -->
