<?xml version="1.0" encoding="UTF-8"?>
<!-- Generated by org.testng.reporters.JUnitReportReporter -->
<testsuite skipped="0" hostname="Rupom-Rups" name="SeleniumProgramPractice.LoginApplication" tests="1" failures="0" timestamp="09 Aug 2020 08:36:39 GMT" time="12.489" errors="0">
  <testcase name="Login" time="12.489" classname="SeleniumProgramPractice.LoginApplication"/>
</testsuite> <!-- SeleniumProgramPractice.LoginApplication -->
